<?xml version="1.0" encoding="UTF-8"?>
<testsuite xmlns:xsi="http://www.w3.org/2001/XMLSchema-instance" xsi:noNamespaceSchemaLocation="https://maven.apache.org/surefire/maven-surefire-plugin/xsd/surefire-test-report-3.0.xsd" version="3.0" name="ExpressionEvaluatorTest" time="0.105" tests="10" errors="0" skipped="0" failures="0">
  <properties>
[...]
</properties>
  <testcase name="EETest1" classname="ExpressionEvaluatorTest" time="0.044"/>
  <testcase name="EETest2" classname="ExpressionEvaluatorTest" time="0.002"/>
  <testcase name="EETest3" classname="ExpressionEvaluatorTest" time="0.002"/>
  <testcase name="EETest4" classname="ExpressionEvaluatorTest" time="0.003"/>
  <testcase name="EETest5" classname="ExpressionEvaluatorTest" time="0.001"/>
  <testcase name="EETest6" classname="ExpressionEvaluatorTest" time="0.002"/>
  <testcase name="EETest7" classname="ExpressionEvaluatorTest" time="0.002"/>
  <testcase name="EETest8" classname="ExpressionEvaluatorTest" time="0.004"/>
  <testcase name="EETest9" classname="ExpressionEvaluatorTest" time="0.001"/>
  <testcase name="EETest10" classname="ExpressionEvaluatorTest" time="0.002"/>
</testsuite>